<!DOCTYPE html PUBLIC "-//W3C//DTD XHTML 1.1//EN" "https://www.w3.org/TR/xhtml11/DTD/xhtml11.dtd">
<html xmlns="https://www.w3.org/1999/xhtml">
<head>
<meta http-equiv="content-type" content="text/html; charset=UTF-8"/>
<title>TestNG Report</title>
<style type="text/css">table {margin-bottom:10px;border-collapse:collapse;empty-cells:show}th,td {border:1px solid #009;padding:.25em .5em}th {vertical-align:bottom}td {vertical-align:top}table a {font-weight:bold}.stripe td {background-color: #E6EBF9}.num {text-align:right}.passedodd td {background-color: #3F3}.passedeven td {background-color: #0A0}.skippedodd td {background-color: #DDD}.skippedeven td {background-color: #CCC}.failedodd td,.attn {background-color: #F33}.failedeven td,.stripe .attn {background-color: #D00}.stacktrace {white-space:pre;font-family:monospace}.totop {font-size:85%;text-align:center;border-bottom:2px solid #000}.invisible {display:none}</style>
</head>
<body>
<table>
<tr><th>Test</th><th># Passed</th><th># Skipped</th><th># Retried</th><th># Failed</th><th>Time (ms)</th><th>Included Groups</th><th>Excluded Groups</th></tr>
<tr><th colspan="8">Suite</th></tr>
<tr><td><a href="#t0">Contact</a></td><td class="num">1</td><td class="num">0</td><td class="num">0</td><td class="num">0</td><td class="num">6,797</td><td></td><td></td></tr>
<tr class="stripe"><td><a href="#t1">Chatbot</a></td><td class="num">1</td><td class="num">0</td><td class="num">0</td><td class="num">0</td><td class="num">5,616</td><td></td><td></td></tr>
<tr><td><a href="#t2">SocialPages</a></td><td class="num">1</td><td class="num">0</td><td class="num">0</td><td class="num">0</td><td class="num">9,934</td><td></td><td></td></tr>
<tr class="stripe"><td><a href="#t3">NavigateToApp</a></td><td class="num">1</td><td class="num">0</td><td class="num">0</td><td class="num">0</td><td class="num">2,785</td><td></td><td></td></tr>
<tr><td><a href="#t4">Search</a></td><td class="num">0</td><td class="num">0</td><td class="num">0</td><td class="num attn">1</td><td class="num">16,121</td><td></td><td></td></tr>
<tr class="stripe"><td><a href="#t5">BookSession</a></td><td class="num">0</td><td class="num">0</td><td class="num">0</td><td class="num attn">1</td><td class="num">9,947</td><td></td><td></td></tr>
<tr><th>Total</th><th class="num">4</th><th class="num">0</th><th class="num">0</th><th class="num attn">2</th><th class="num">51,200</th><th colspan="2"></th></tr>
</table>
<table id='summary'><thead><tr><th>Class</th><th>Method</th><th>Start</th><th>Time (ms)</th></tr></thead><tbody><tr><th colspan="4">Suite</th></tr></tbody><tbody id="t0"><tr><th colspan="4">Contact &#8212; passed</th></tr><tr class="passedeven"><td rowspan="1">TestComponents.ContactUs</td><td><a href="#m0">Contact</a></td><td rowspan="1">1715075240315</td><td rowspan="1">6752</td></tr></tbody>
<tbody id="t1"><tr><th colspan="4">Chatbot &#8212; passed</th></tr><tr class="passedeven"><td rowspan="1">TestComponents.Chatbot</td><td><a href="#m1">chat</a></td><td rowspan="1">1715075247363</td><td rowspan="1">5610</td></tr></tbody>
<tbody id="t2"><tr><th colspan="4">SocialPages &#8212; passed</th></tr><tr class="passedeven"><td rowspan="1">TestComponents.SocialPages</td><td><a href="#m2">CheckPages</a></td><td rowspan="1">1715075252987</td><td rowspan="1">9930</td></tr></tbody>
<tbody id="t3"><tr><th colspan="4">NavigateToApp &#8212; passed</th></tr><tr class="passedeven"><td rowspan="1">TestComponents.NavigateToApp</td><td><a href="#m3">navigate</a></td><td rowspan="1">1715075262923</td><td rowspan="1">2781</td></tr></tbody>
<tbody id="t4"><tr><th colspan="4">Search &#8212; failed</th></tr><tr class="failedeven"><td rowspan="1">TestComponents.Search</td><td><a href="#m4">Search</a></td><td rowspan="1">1715075265724</td><td rowspan="1">16106</td></tr></tbody>
<tbody id="t5"><tr><th colspan="4">BookSession &#8212; failed</th></tr><tr class="failedeven"><td rowspan="1">TestComponents.BookSession</td><td><a href="#m5">Book</a></td><td rowspan="1">1715075281861</td><td rowspan="1">9942</td></tr></tbody>
</table>
<h2>Contact</h2><h3 id="m0">TestComponents.ContactUs#Contact</h3><table class="result"><tr><th class="invisible"/></tr></table><p class="totop"><a href="#summary">back to summary</a></p>
<h2>Chatbot</h2><h3 id="m1">TestComponents.Chatbot#chat</h3><table class="result"><tr><th class="invisible"/></tr></table><p class="totop"><a href="#summary">back to summary</a></p>
<h2>SocialPages</h2><h3 id="m2">TestComponents.SocialPages#CheckPages</h3><table class="result"><tr><th class="invisible"/></tr></table><p class="totop"><a href="#summary">back to summary</a></p>
<h2>NavigateToApp</h2><h3 id="m3">TestComponents.NavigateToApp#navigate</h3><table class="result"><tr><th class="invisible"/></tr></table><p class="totop"><a href="#summary">back to summary</a></p>
<h2>Search</h2><h3 id="m4">TestComponents.Search#Search</h3><table class="result"><tr><th>Exception</th></tr><tr><td><div class="stacktrace">org.openqa.selenium.TimeoutException: Expected condition failed: waiting for visibility of element located by By.cssSelector: a.bg-primary-500 (tried for 10 second(s) with 500 milliseconds interval)
Build info: version: &apos;4.15.0&apos;, revision: &apos;1d14b5521b&apos;
System info: os.name: &apos;Windows 10&apos;, os.arch: &apos;amd64&apos;, os.version: &apos;10.0&apos;, java.version: &apos;17.0.8.1&apos;
Driver info: org.openqa.selenium.chrome.ChromeDriver
Capabilities {acceptInsecureCerts: false, browserName: chrome-headless-shell, browserVersion: 124.0.6367.119, chrome: {chromedriverVersion: 124.0.6367.91 (51df0e5e17a8..., userDataDir: C:\Users\moham\AppData\Loca...}, fedcm:accounts: true, goog:chromeOptions: {debuggerAddress: localhost:60781}, networkConnectionEnabled: false, pageLoadStrategy: normal, platformName: windows, proxy: Proxy(), se:cdp: ws://localhost:60781/devtoo..., se:cdpVersion: 124.0.6367.119, setWindowRect: true, strictFileInteractability: false, timeouts: {implicit: 0, pageLoad: 300000, script: 30000}, unhandledPromptBehavior: dismiss and notify, webauthn:extension:credBlob: true, webauthn:extension:largeBlob: true, webauthn:extension:minPinLength: true, webauthn:extension:prf: true, webauthn:virtualAuthenticators: true}
Session ID: 87952ad69dce4ab4dade3a92040d4e3c
	at org.openqa.selenium.support.ui.WebDriverWait.timeoutException(WebDriverWait.java:84)
	at org.openqa.selenium.support.ui.FluentWait.until(FluentWait.java:229)
	at TestComponents.Search.SearchByDay(Search.java:38)
	at TestComponents.Search.Search(Search.java:27)
	at java.base/java.util.ArrayList.forEach(ArrayList.java:1511)
... Removed 27 stack frames</div></td></tr></table><p class="totop"><a href="#summary">back to summary</a></p>
<h2>BookSession</h2><h3 id="m5">TestComponents.BookSession#Book</h3><table class="result"><tr><th>Exception</th></tr><tr><td><div class="stacktrace">java.lang.IndexOutOfBoundsException: Index 0 out of bounds for length 0
	at java.base/jdk.internal.util.Preconditions.outOfBounds(Preconditions.java:64)
	at java.base/jdk.internal.util.Preconditions.outOfBoundsCheckIndex(Preconditions.java:70)
	at java.base/jdk.internal.util.Preconditions.checkIndex(Preconditions.java:266)
	at java.base/java.util.Objects.checkIndex(Objects.java:361)
	at java.base/java.util.ArrayList.get(ArrayList.java:427)
	at TestComponents.BookSession.Book(BookSession.java:25)
	at java.base/java.util.ArrayList.forEach(ArrayList.java:1511)
... Removed 27 stack frames</div></td></tr></table><p class="totop"><a href="#summary">back to summary</a></p>
</body>
</html>
